<?xml version="1.0" encoding="UTF-8"?>
<!-- Generated by org.testng.reporters.JUnitReportReporter -->
<testsuite hostname="LAPTOP-1TF6SCUN" failures="0" tests="1" name="com.seleniumframework.demo.Gmail_Login" time="3.675" errors="0" timestamp="2022-11-23T20:03:27 IST" skipped="0">
  <testcase classname="com.seleniumframework.demo.Gmail_Login" name="login" time="3.675"/>
  <system-out/>
</testsuite> <!-- com.seleniumframework.demo.Gmail_Login -->
